2020-04-16 03:17:34.097 [main] INFO  com.epam.training.factory.filemanager.FileManagerImpl - File read:[0 0  0  3  4 0,  0 0 0 6 8 0,   10 12 25 32  45 44,  123 asdad 213 1 31 a,   1 2 3 4 5,   1 1   23  14  45 71,   -2 -5 11 13  -25 25]
2020-04-16 03:17:34.101 [main] ERROR com.epam.training.factory.filemanager.FileManagerImpl - Ошибка чтения
java.nio.file.NoSuchFileException: src\test\resources\qwe.txt
	at java.base/sun.nio.fs.WindowsException.translateToIOException(WindowsException.java:85) ~[?:?]
	at java.base/sun.nio.fs.WindowsException.rethrowAsIOException(WindowsException.java:103) ~[?:?]
	at java.base/sun.nio.fs.WindowsException.rethrowAsIOException(WindowsException.java:108) ~[?:?]
	at java.base/sun.nio.fs.WindowsFileSystemProvider.newByteChannel(WindowsFileSystemProvider.java:231) ~[?:?]
	at java.base/java.nio.file.Files.newByteChannel(Files.java:370) ~[?:?]
	at java.base/java.nio.file.Files.newByteChannel(Files.java:421) ~[?:?]
	at java.base/java.nio.file.spi.FileSystemProvider.newInputStream(FileSystemProvider.java:420) ~[?:?]
	at java.base/java.nio.file.Files.newInputStream(Files.java:155) ~[?:?]
	at java.base/java.nio.file.Files.newBufferedReader(Files.java:2838) ~[?:?]
	at java.base/java.nio.file.Files.newBufferedReader(Files.java:2870) ~[?:?]
	at com.epam.training.factory.filemanager.FileManagerImpl.readStrings(FileManagerImpl.java:38) [classes/:?]
	at com.epam.training.factory.filemanager.FileManagerImplTest.testTestReadStrings(FileManagerImplTest.java:31) [test-classes/:?]
	at java.base/jdk.internal.reflect.NativeMethodAccessorImpl.invoke0(Native Method) ~[?:?]
	at java.base/jdk.internal.reflect.NativeMethodAccessorImpl.invoke(NativeMethodAccessorImpl.java:62) ~[?:?]
	at java.base/jdk.internal.reflect.DelegatingMethodAccessorImpl.invoke(DelegatingMethodAccessorImpl.java:43) ~[?:?]
	at java.base/java.lang.reflect.Method.invoke(Method.java:566) ~[?:?]
	at org.testng.internal.MethodInvocationHelper.invokeMethod(MethodInvocationHelper.java:80) [testng-6.8.jar:?]
	at org.testng.internal.Invoker.invokeMethod(Invoker.java:714) [testng-6.8.jar:?]
	at org.testng.internal.Invoker.invokeTestMethod(Invoker.java:901) [testng-6.8.jar:?]
	at org.testng.internal.Invoker.invokeTestMethods(Invoker.java:1231) [testng-6.8.jar:?]
	at org.testng.internal.TestMethodWorker.invokeTestMethods(TestMethodWorker.java:127) [testng-6.8.jar:?]
	at org.testng.internal.TestMethodWorker.run(TestMethodWorker.java:111) [testng-6.8.jar:?]
	at org.testng.TestRunner.privateRun(TestRunner.java:767) [testng-6.8.jar:?]
	at org.testng.TestRunner.run(TestRunner.java:617) [testng-6.8.jar:?]
	at org.testng.SuiteRunner.runTest(SuiteRunner.java:334) [testng-6.8.jar:?]
	at org.testng.SuiteRunner.runSequentially(SuiteRunner.java:329) [testng-6.8.jar:?]
	at org.testng.SuiteRunner.privateRun(SuiteRunner.java:291) [testng-6.8.jar:?]
	at org.testng.SuiteRunner.run(SuiteRunner.java:240) [testng-6.8.jar:?]
	at org.testng.SuiteRunnerWorker.runSuite(SuiteRunnerWorker.java:52) [testng-6.8.jar:?]
	at org.testng.SuiteRunnerWorker.run(SuiteRunnerWorker.java:86) [testng-6.8.jar:?]
	at org.testng.TestNG.runSuitesSequentially(TestNG.java:1198) [testng-6.8.jar:?]
	at org.testng.TestNG.runSuitesLocally(TestNG.java:1123) [testng-6.8.jar:?]
	at org.testng.TestNG.run(TestNG.java:1031) [testng-6.8.jar:?]
	at org.testng.IDEARemoteTestNG.run(IDEARemoteTestNG.java:73) [testng-plugin.jar:?]
	at org.testng.RemoteTestNGStarter.main(RemoteTestNGStarter.java:123) [testng-plugin.jar:?]
